<?xml version="1.0" encoding="UTF-8"?>
<!-- Generated by org.testng.reporters.JUnitXMLReporter -->
<testsuite ignored="2" hostname="NikhilaKaruna" failures="0" tests="2" name="Stage1" time="18.831" errors="0" timestamp="22 Jul 2022 03:22:29 GMT">
  <testcase classname="script.TestClass1" name="testA" time="0.02"/>
  <testcase classname="script.TestClass2" name="testLogin" time="0.001"/>
  <testcase classname="generic.BaseTest" name="@BeforeSuite createReport" time="0.0">
    <ignored/>
  </testcase> <!-- @BeforeSuite createReport -->
  <testcase classname="generic.BaseTest" name="@AfterSuite publishReport" time="0.0">
    <ignored/>
  </testcase> <!-- @AfterSuite publishReport -->
</testsuite> <!-- Stage1 -->
